2020-05-17 13:56:22 log.py[line:23] INFO info日志测试
2020-05-17 13:56:22 log.py[line:27] WARNING waring日志测试
2020-05-17 13:56:22 log.py[line:31] ERROR error日志测试
2020-05-18 21:00:56 log.py[line:23] INFO 5C04R080066开始授权，授权人数10...
2020-05-18 21:00:58 log.py[line:23] INFO 5C04R080068开始授权，授权人数10...
2020-05-18 21:01:00 log.py[line:23] INFO 5C04R080024开始授权，授权人数10...
2020-05-18 21:01:07 log.py[line:23] INFO 5C04R080066耗费时间0.19082419474919637分钟
2020-05-18 21:01:09 log.py[line:23] INFO 5C04R080068耗费时间0.18618485530217488分钟
2020-05-18 21:01:11 log.py[line:23] INFO 5C04R080024耗费时间0.18551613489786783分钟
2020-05-18 21:16:23 log.py[line:23] INFO 5C04R080066开始授权，授权人数2...
2020-05-18 21:16:25 log.py[line:23] INFO 5C04R080066耗费时间0.030639270941416424分钟
2020-05-18 21:16:25 log.py[line:23] INFO 5C04R080068开始授权，授权人数2...
2020-05-18 21:16:26 log.py[line:23] INFO 5C04R080068耗费时间0.0291046937306722分钟
2020-05-18 21:16:27 log.py[line:23] INFO 5C04R080024开始授权，授权人数2...
2020-05-18 21:16:28 log.py[line:23] INFO 5C04R080024耗费时间0.028643798828125分钟
2020-05-18 21:19:49 log.py[line:23] INFO 5C04R080066开始授权，授权人数2...
2020-05-18 21:19:51 log.py[line:23] INFO 5C04R080066耗费时间0.03分钟
2020-05-18 21:19:51 log.py[line:23] INFO 5C04R080068开始授权，授权人数2...
2020-05-18 21:19:53 log.py[line:23] INFO 5C04R080068耗费时间0.03分钟
2020-05-18 21:19:53 log.py[line:23] INFO 5C04R080024开始授权，授权人数2...
2020-05-18 21:19:55 log.py[line:23] INFO 5C04R080024耗费时间0.03分钟
2020-05-18 21:21:33 log.py[line:23] INFO 5C04R080066开始授权，授权人数2...
2020-05-18 21:21:35 log.py[line:23] INFO 5C04R080068开始授权，授权人数2...
2020-05-18 21:21:35 log.py[line:23] INFO 5C04R080066耗费时间0.03分钟
2020-05-18 21:21:37 log.py[line:23] INFO 5C04R080024开始授权，授权人数2...
2020-05-18 21:21:37 log.py[line:23] INFO 5C04R080068耗费时间0.03分钟
2020-05-18 21:21:39 log.py[line:23] INFO 5C04R080024耗费时间0.03分钟
2020-05-18 21:22:58 log.py[line:23] INFO 5C04R080066开始授权，授权人数1031...
2020-05-18 21:23:28 log.py[line:23] INFO 5C04R080068开始授权，授权人数1031...
2020-05-18 21:23:58 log.py[line:23] INFO 5C04R080024开始授权，授权人数1031...
